[2024-03-17T13:02:48.045Z] info: custom.css was copied to the config folder
[2024-03-17T13:02:48.073Z] info: custom.js was copied to the config folder
[2024-03-17T13:02:48.476Z] info: kubernetes.yaml was copied to the config folder
[2024-03-17T13:02:54.701Z] error: <httpProxy> Error calling https://ensg-sdi.docker/portainer/...
[2024-03-17T13:02:54.706Z] error: <httpProxy> [
  500,
  Error: getaddrinfo EAI_AGAIN ensg-sdi.docker
      at GetAddrInfoReqWrap.onlookup [as oncomplete] (node:dns:108:26) {
    errno: -3001,
    code: 'EAI_AGAIN',
    syscall: 'getaddrinfo',
    hostname: 'ensg-sdi.docker'
  }
]
[2024-03-17T13:02:56.478Z] error: <httpProxy> Error calling https://ensg-sdi.docker/...
[2024-03-17T13:02:56.479Z] error: <httpProxy> [
  500,
  Error: getaddrinfo EAI_AGAIN ensg-sdi.docker
      at GetAddrInfoReqWrap.onlookup [as oncomplete] (node:dns:108:26) {
    errno: -3001,
    code: 'EAI_AGAIN',
    syscall: 'getaddrinfo',
    hostname: 'ensg-sdi.docker'
  }
]
[2024-03-17T13:02:59.701Z] error: <httpProxy> Error calling https://ensg-sdi.docker/...
[2024-03-17T13:02:59.701Z] error: <httpProxy> [
  500,
  Error: getaddrinfo EAI_AGAIN ensg-sdi.docker
      at GetAddrInfoReqWrap.onlookup [as oncomplete] (node:dns:108:26) {
    errno: -3001,
    code: 'EAI_AGAIN',
    syscall: 'getaddrinfo',
    hostname: 'ensg-sdi.docker'
  }
]
[2024-03-17T13:03:04.004Z] error: <httpProxy> Error calling https://ensg-sdi.docker/portainer/...
[2024-03-17T13:03:04.004Z] error: <httpProxy> [
  500,
  Error: getaddrinfo EAI_AGAIN ensg-sdi.docker
      at GetAddrInfoReqWrap.onlookup [as oncomplete] (node:dns:108:26) {
    errno: -3001,
    code: 'EAI_AGAIN',
    syscall: 'getaddrinfo',
    hostname: 'ensg-sdi.docker'
  }
]
[2024-03-17T13:03:04.706Z] error: <httpProxy> Error calling https://ensg-sdi.docker/...
[2024-03-17T13:03:04.707Z] error: <httpProxy> [
  500,
  Error: getaddrinfo EAI_AGAIN ensg-sdi.docker
      at GetAddrInfoReqWrap.onlookup [as oncomplete] (node:dns:108:26) {
    errno: -3001,
    code: 'EAI_AGAIN',
    syscall: 'getaddrinfo',
    hostname: 'ensg-sdi.docker'
  }
]
[2024-03-17T13:03:05.792Z] error: <httpProxy> Error calling https://ensg-sdi.docker/...
[2024-03-17T13:03:05.793Z] error: <httpProxy> [
  500,
  Error: getaddrinfo ENOTFOUND ensg-sdi.docker
      at GetAddrInfoReqWrap.onlookup [as oncomplete] (node:dns:108:26) {
    errno: -3008,
    code: 'ENOTFOUND',
    syscall: 'getaddrinfo',
    hostname: 'ensg-sdi.docker'
  }
]
[2024-03-17T13:03:20.993Z] error: <httpProxy> Error calling https://ensg-sdi.docker/...
[2024-03-17T13:03:20.994Z] error: <httpProxy> [
  500,
  Error: getaddrinfo EAI_AGAIN ensg-sdi.docker
      at GetAddrInfoReqWrap.onlookup [as oncomplete] (node:dns:108:26) {
    errno: -3001,
    code: 'EAI_AGAIN',
    syscall: 'getaddrinfo',
    hostname: 'ensg-sdi.docker'
  }
]
[2024-03-17T13:03:20.999Z] error: <httpProxy> Error calling https://ensg-sdi.docker/portainer/...
[2024-03-17T13:03:21.000Z] error: <httpProxy> [
  500,
  Error: getaddrinfo EAI_AGAIN ensg-sdi.docker
      at GetAddrInfoReqWrap.onlookup [as oncomplete] (node:dns:108:26) {
    errno: -3001,
    code: 'EAI_AGAIN',
    syscall: 'getaddrinfo',
    hostname: 'ensg-sdi.docker'
  }
]
[2024-03-17T13:03:26.007Z] error: <httpProxy> Error calling https://ensg-sdi.docker/...
[2024-03-17T13:03:26.008Z] error: <httpProxy> [
  500,
  Error: getaddrinfo EAI_AGAIN ensg-sdi.docker
      at GetAddrInfoReqWrap.onlookup [as oncomplete] (node:dns:108:26) {
    errno: -3001,
    code: 'EAI_AGAIN',
    syscall: 'getaddrinfo',
    hostname: 'ensg-sdi.docker'
  }
]
[2024-03-17T13:03:26.014Z] error: <httpProxy> Error calling https://ensg-sdi.docker/...
[2024-03-17T13:03:26.014Z] error: <httpProxy> [
  500,
  Error: getaddrinfo EAI_AGAIN ensg-sdi.docker
      at GetAddrInfoReqWrap.onlookup [as oncomplete] (node:dns:108:26) {
    errno: -3001,
    code: 'EAI_AGAIN',
    syscall: 'getaddrinfo',
    hostname: 'ensg-sdi.docker'
  }
]
[2024-03-17T13:03:30.344Z] error: <httpProxy> Error calling https://ensg-sdi.docker/...
[2024-03-17T13:03:30.345Z] error: <httpProxy> [
  500,
  Error: getaddrinfo ENOTFOUND ensg-sdi.docker
      at GetAddrInfoReqWrap.onlookup [as oncomplete] (node:dns:108:26) {
    errno: -3008,
    code: 'ENOTFOUND',
    syscall: 'getaddrinfo',
    hostname: 'ensg-sdi.docker'
  }
]
[2024-03-17T13:03:30.346Z] error: <httpProxy> Error calling https://ensg-sdi.docker/portainer/...
[2024-03-17T13:03:30.346Z] error: <httpProxy> [
  500,
  Error: getaddrinfo ENOTFOUND ensg-sdi.docker
      at GetAddrInfoReqWrap.onlookup [as oncomplete] (node:dns:108:26) {
    errno: -3008,
    code: 'ENOTFOUND',
    syscall: 'getaddrinfo',
    hostname: 'ensg-sdi.docker'
  }
]
[2024-03-17T13:03:57.580Z] error: <httpProxy> Error calling https://ensg-sdi.docker/...
[2024-03-17T13:03:57.581Z] error: <httpProxy> [
  500,
  Error: getaddrinfo ENOTFOUND ensg-sdi.docker
      at GetAddrInfoReqWrap.onlookup [as oncomplete] (node:dns:108:26) {
    errno: -3008,
    code: 'ENOTFOUND',
    syscall: 'getaddrinfo',
    hostname: 'ensg-sdi.docker'
  }
]
[2024-03-17T13:04:02.593Z] error: <httpProxy> Error calling https://ensg-sdi.docker/...
[2024-03-17T13:04:02.594Z] error: <httpProxy> [
  500,
  Error: getaddrinfo EAI_AGAIN ensg-sdi.docker
      at GetAddrInfoReqWrap.onlookup [as oncomplete] (node:dns:108:26) {
    errno: -3001,
    code: 'EAI_AGAIN',
    syscall: 'getaddrinfo',
    hostname: 'ensg-sdi.docker'
  }
]
[2024-03-17T13:04:05.444Z] error: <httpProxy> Error calling https://ensg-sdi.docker/...
[2024-03-17T13:04:05.444Z] error: <httpProxy> [
  500,
  Error: getaddrinfo EAI_AGAIN ensg-sdi.docker
      at GetAddrInfoReqWrap.onlookup [as oncomplete] (node:dns:108:26) {
    errno: -3001,
    code: 'EAI_AGAIN',
    syscall: 'getaddrinfo',
    hostname: 'ensg-sdi.docker'
  }
]
[2024-03-17T13:04:07.602Z] error: <httpProxy> Error calling https://ensg-sdi.docker/portainer/...
[2024-03-17T13:04:07.603Z] error: <httpProxy> [
  500,
  Error: getaddrinfo EAI_AGAIN ensg-sdi.docker
      at GetAddrInfoReqWrap.onlookup [as oncomplete] (node:dns:108:26) {
    errno: -3001,
    code: 'EAI_AGAIN',
    syscall: 'getaddrinfo',
    hostname: 'ensg-sdi.docker'
  }
]
[2024-03-17T13:04:10.496Z] error: <httpProxy> Error calling https://ensg-sdi.docker/...
[2024-03-17T13:04:10.497Z] error: <httpProxy> [
  500,
  Error: getaddrinfo EAI_AGAIN ensg-sdi.docker
      at GetAddrInfoReqWrap.onlookup [as oncomplete] (node:dns:108:26) {
    errno: -3001,
    code: 'EAI_AGAIN',
    syscall: 'getaddrinfo',
    hostname: 'ensg-sdi.docker'
  }
]
[2024-03-17T13:04:12.629Z] error: <httpProxy> Error calling https://ensg-sdi.docker/portainer/...
[2024-03-17T13:04:12.629Z] error: <httpProxy> [
  500,
  Error: getaddrinfo EAI_AGAIN ensg-sdi.docker
      at GetAddrInfoReqWrap.onlookup [as oncomplete] (node:dns:108:26) {
    errno: -3001,
    code: 'EAI_AGAIN',
    syscall: 'getaddrinfo',
    hostname: 'ensg-sdi.docker'
  }
]
[2024-03-17T13:04:37.658Z] error: <httpProxy> Error calling https://ensg-sdi.docker/...
[2024-03-17T13:04:37.659Z] error: <httpProxy> [
  500,
  Error: getaddrinfo EAI_AGAIN ensg-sdi.docker
      at GetAddrInfoReqWrap.onlookup [as oncomplete] (node:dns:108:26) {
    errno: -3001,
    code: 'EAI_AGAIN',
    syscall: 'getaddrinfo',
    hostname: 'ensg-sdi.docker'
  }
]
[2024-03-17T13:04:42.665Z] error: <httpProxy> Error calling https://ensg-sdi.docker/...
[2024-03-17T13:04:42.667Z] error: <httpProxy> [
  500,
  Error: getaddrinfo EAI_AGAIN ensg-sdi.docker
      at GetAddrInfoReqWrap.onlookup [as oncomplete] (node:dns:108:26) {
    errno: -3001,
    code: 'EAI_AGAIN',
    syscall: 'getaddrinfo',
    hostname: 'ensg-sdi.docker'
  }
]
[2024-03-17T13:04:45.543Z] error: <httpProxy> Error calling https://ensg-sdi.docker/...
[2024-03-17T13:04:45.543Z] error: <httpProxy> [
  500,
  Error: getaddrinfo EAI_AGAIN ensg-sdi.docker
      at GetAddrInfoReqWrap.onlookup [as oncomplete] (node:dns:108:26) {
    errno: -3001,
    code: 'EAI_AGAIN',
    syscall: 'getaddrinfo',
    hostname: 'ensg-sdi.docker'
  }
]
[2024-03-17T13:04:47.682Z] error: <httpProxy> Error calling https://ensg-sdi.docker/portainer/...
[2024-03-17T13:04:47.683Z] error: <httpProxy> [
  500,
  Error: getaddrinfo EAI_AGAIN ensg-sdi.docker
      at GetAddrInfoReqWrap.onlookup [as oncomplete] (node:dns:108:26) {
    errno: -3001,
    code: 'EAI_AGAIN',
    syscall: 'getaddrinfo',
    hostname: 'ensg-sdi.docker'
  }
]
[2024-03-17T13:04:49.849Z] error: <httpProxy> Error calling https://ensg-sdi.docker/portainer/...
[2024-03-17T13:04:49.850Z] error: <httpProxy> [
  500,
  Error: getaddrinfo ENOTFOUND ensg-sdi.docker
      at GetAddrInfoReqWrap.onlookup [as oncomplete] (node:dns:108:26) {
    errno: -3008,
    code: 'ENOTFOUND',
    syscall: 'getaddrinfo',
    hostname: 'ensg-sdi.docker'
  }
]
[2024-03-17T13:04:49.855Z] error: <httpProxy> Error calling https://ensg-sdi.docker/...
[2024-03-17T13:04:49.856Z] error: <httpProxy> [
  500,
  Error: getaddrinfo ENOTFOUND ensg-sdi.docker
      at GetAddrInfoReqWrap.onlookup [as oncomplete] (node:dns:108:26) {
    errno: -3008,
    code: 'ENOTFOUND',
    syscall: 'getaddrinfo',
    hostname: 'ensg-sdi.docker'
  }
]
[2024-03-17T13:05:17.752Z] error: <httpProxy> Error calling https://ensg-sdi.docker/...
[2024-03-17T13:05:17.754Z] error: <httpProxy> [
  500,
  Error: getaddrinfo EAI_AGAIN ensg-sdi.docker
      at GetAddrInfoReqWrap.onlookup [as oncomplete] (node:dns:108:26) {
    errno: -3001,
    code: 'EAI_AGAIN',
    syscall: 'getaddrinfo',
    hostname: 'ensg-sdi.docker'
  }
]
[2024-03-17T13:05:18.715Z] error: <httpProxy> Error calling https://ensg-sdi.docker/...
[2024-03-17T13:05:18.715Z] error: <httpProxy> [
  500,
  Error: getaddrinfo ENOTFOUND ensg-sdi.docker
      at GetAddrInfoReqWrap.onlookup [as oncomplete] (node:dns:108:26) {
    errno: -3008,
    code: 'ENOTFOUND',
    syscall: 'getaddrinfo',
    hostname: 'ensg-sdi.docker'
  }
]
[2024-03-17T13:05:24.964Z] error: <httpProxy> Error calling https://ensg-sdi.docker/portainer/...
[2024-03-17T13:05:24.976Z] error: <httpProxy> [
  500,
  Error: getaddrinfo EAI_AGAIN ensg-sdi.docker
      at GetAddrInfoReqWrap.onlookup [as oncomplete] (node:dns:108:26) {
    errno: -3001,
    code: 'EAI_AGAIN',
    syscall: 'getaddrinfo',
    hostname: 'ensg-sdi.docker'
  }
]
[2024-03-17T13:05:24.990Z] error: <httpProxy> Error calling https://ensg-sdi.docker/...
[2024-03-17T13:05:24.992Z] error: <httpProxy> [
  500,
  Error: getaddrinfo EAI_AGAIN ensg-sdi.docker
      at GetAddrInfoReqWrap.onlookup [as oncomplete] (node:dns:108:26) {
    errno: -3001,
    code: 'EAI_AGAIN',
    syscall: 'getaddrinfo',
    hostname: 'ensg-sdi.docker'
  }
]
[2024-03-17T13:05:30.000Z] error: <httpProxy> Error calling https://ensg-sdi.docker/portainer/...
[2024-03-17T13:05:30.000Z] error: <httpProxy> [
  500,
  Error: getaddrinfo EAI_AGAIN ensg-sdi.docker
      at GetAddrInfoReqWrap.onlookup [as oncomplete] (node:dns:108:26) {
    errno: -3001,
    code: 'EAI_AGAIN',
    syscall: 'getaddrinfo',
    hostname: 'ensg-sdi.docker'
  }
]
[2024-03-17T13:05:30.003Z] error: <httpProxy> Error calling https://ensg-sdi.docker/...
[2024-03-17T13:05:30.003Z] error: <httpProxy> [
  500,
  Error: getaddrinfo EAI_AGAIN ensg-sdi.docker
      at GetAddrInfoReqWrap.onlookup [as oncomplete] (node:dns:108:26) {
    errno: -3001,
    code: 'EAI_AGAIN',
    syscall: 'getaddrinfo',
    hostname: 'ensg-sdi.docker'
  }
]
[2024-03-17T13:05:53.769Z] error: <httpProxy> Error calling https://ensg-sdi.docker/...
[2024-03-17T13:05:53.769Z] error: <httpProxy> [
  500,
  Error: getaddrinfo EAI_AGAIN ensg-sdi.docker
      at GetAddrInfoReqWrap.onlookup [as oncomplete] (node:dns:108:26) {
    errno: -3001,
    code: 'EAI_AGAIN',
    syscall: 'getaddrinfo',
    hostname: 'ensg-sdi.docker'
  }
]
[2024-03-17T13:05:55.351Z] error: <httpProxy> Error calling https://ensg-sdi.docker/...
[2024-03-17T13:05:55.351Z] error: <httpProxy> [
  500,
  Error: getaddrinfo ENOTFOUND ensg-sdi.docker
      at GetAddrInfoReqWrap.onlookup [as oncomplete] (node:dns:108:26) {
    errno: -3008,
    code: 'ENOTFOUND',
    syscall: 'getaddrinfo',
    hostname: 'ensg-sdi.docker'
  }
]
[2024-03-17T13:06:18.193Z] error: <httpProxy> Error calling https://ensg-sdi.docker/...
[2024-03-17T13:06:18.200Z] error: <httpProxy> [
  500,
  Error: getaddrinfo EAI_AGAIN ensg-sdi.docker
      at GetAddrInfoReqWrap.onlookup [as oncomplete] (node:dns:108:26) {
    errno: -3001,
    code: 'EAI_AGAIN',
    syscall: 'getaddrinfo',
    hostname: 'ensg-sdi.docker'
  }
]
[2024-03-17T13:06:18.220Z] error: <httpProxy> Error calling https://ensg-sdi.docker/...
[2024-03-17T13:06:18.221Z] error: <httpProxy> [
  500,
  Error: getaddrinfo EAI_AGAIN ensg-sdi.docker
      at GetAddrInfoReqWrap.onlookup [as oncomplete] (node:dns:108:26) {
    errno: -3001,
    code: 'EAI_AGAIN',
    syscall: 'getaddrinfo',
    hostname: 'ensg-sdi.docker'
  }
]
[2024-03-17T13:06:19.703Z] error: <httpProxy> Error calling https://ensg-sdi.docker/...
[2024-03-17T13:06:19.703Z] error: <httpProxy> [
  500,
  Error: getaddrinfo ENOTFOUND ensg-sdi.docker
      at GetAddrInfoReqWrap.onlookup [as oncomplete] (node:dns:108:26) {
    errno: -3008,
    code: 'ENOTFOUND',
    syscall: 'getaddrinfo',
    hostname: 'ensg-sdi.docker'
  }
]
[2024-03-17T13:06:19.710Z] error: <httpProxy> Error calling https://ensg-sdi.docker/...
[2024-03-17T13:06:19.711Z] error: <httpProxy> [
  500,
  Error: getaddrinfo ENOTFOUND ensg-sdi.docker
      at GetAddrInfoReqWrap.onlookup [as oncomplete] (node:dns:108:26) {
    errno: -3008,
    code: 'ENOTFOUND',
    syscall: 'getaddrinfo',
    hostname: 'ensg-sdi.docker'
  }
]
[2024-03-17T13:06:24.716Z] error: <httpProxy> Error calling https://ensg-sdi.docker/...
[2024-03-17T13:06:24.717Z] error: <httpProxy> [
  500,
  Error: getaddrinfo EAI_AGAIN ensg-sdi.docker
      at GetAddrInfoReqWrap.onlookup [as oncomplete] (node:dns:108:26) {
    errno: -3001,
    code: 'EAI_AGAIN',
    syscall: 'getaddrinfo',
    hostname: 'ensg-sdi.docker'
  }
]
[2024-03-17T13:06:24.727Z] error: <httpProxy> Error calling https://api.ensg-sdi.docker/...
[2024-03-17T13:06:24.728Z] error: <httpProxy> [
  500,
  Error: getaddrinfo EAI_AGAIN api.ensg-sdi.docker
      at GetAddrInfoReqWrap.onlookup [as oncomplete] (node:dns:108:26) {
    errno: -3001,
    code: 'EAI_AGAIN',
    syscall: 'getaddrinfo',
    hostname: 'api.ensg-sdi.docker'
  }
]
[2024-03-17T13:06:29.724Z] error: <httpProxy> Error calling https://ensg-sdi.docker/...
[2024-03-17T13:06:29.725Z] error: <httpProxy> [
  500,
  Error: getaddrinfo EAI_AGAIN ensg-sdi.docker
      at GetAddrInfoReqWrap.onlookup [as oncomplete] (node:dns:108:26) {
    errno: -3001,
    code: 'EAI_AGAIN',
    syscall: 'getaddrinfo',
    hostname: 'ensg-sdi.docker'
  }
]
[2024-03-17T13:06:29.727Z] error: <httpProxy> Error calling https://ensg-sdi.docker/...
[2024-03-17T13:06:29.727Z] error: <httpProxy> [
  500,
  Error: getaddrinfo EAI_AGAIN ensg-sdi.docker
      at GetAddrInfoReqWrap.onlookup [as oncomplete] (node:dns:108:26) {
    errno: -3001,
    code: 'EAI_AGAIN',
    syscall: 'getaddrinfo',
    hostname: 'ensg-sdi.docker'
  }
]
[2024-03-17T13:06:34.339Z] error: <httpProxy> Error calling https://api.ensg-sdi.docker/...
[2024-03-17T13:06:34.340Z] error: <httpProxy> [
  500,
  Error: getaddrinfo ENOTFOUND api.ensg-sdi.docker
      at GetAddrInfoReqWrap.onlookup [as oncomplete] (node:dns:108:26) {
    errno: -3008,
    code: 'ENOTFOUND',
    syscall: 'getaddrinfo',
    hostname: 'api.ensg-sdi.docker'
  }
]
[2024-03-17T13:06:34.732Z] error: <httpProxy> Error calling https://ensg-sdi.docker/...
[2024-03-17T13:06:34.732Z] error: <httpProxy> [
  500,
  Error: getaddrinfo EAI_AGAIN ensg-sdi.docker
      at GetAddrInfoReqWrap.onlookup [as oncomplete] (node:dns:108:26) {
    errno: -3001,
    code: 'EAI_AGAIN',
    syscall: 'getaddrinfo',
    hostname: 'ensg-sdi.docker'
  }
]
[2024-03-17T13:06:36.757Z] error: <httpProxy> Error calling https://ensg-sdi.docker/...
[2024-03-17T13:06:36.757Z] error: <httpProxy> [
  500,
  Error: getaddrinfo ENOTFOUND ensg-sdi.docker
      at GetAddrInfoReqWrap.onlookup [as oncomplete] (node:dns:108:26) {
    errno: -3008,
    code: 'ENOTFOUND',
    syscall: 'getaddrinfo',
    hostname: 'ensg-sdi.docker'
  }
]
[2024-03-17T13:06:41.781Z] error: <httpProxy> Error calling https://ensg-sdi.docker/...
[2024-03-17T13:06:41.782Z] error: <httpProxy> [
  500,
  Error: getaddrinfo EAI_AGAIN ensg-sdi.docker
      at GetAddrInfoReqWrap.onlookup [as oncomplete] (node:dns:108:26) {
    errno: -3001,
    code: 'EAI_AGAIN',
    syscall: 'getaddrinfo',
    hostname: 'ensg-sdi.docker'
  }
]
[2024-03-17T13:06:48.090Z] error: <httpProxy> Error calling https://ensg-sdi.docker/...
[2024-03-17T13:06:48.092Z] error: <httpProxy> [
  500,
  Error: getaddrinfo EAI_AGAIN ensg-sdi.docker
      at GetAddrInfoReqWrap.onlookup [as oncomplete] (node:dns:108:26) {
    errno: -3001,
    code: 'EAI_AGAIN',
    syscall: 'getaddrinfo',
    hostname: 'ensg-sdi.docker'
  }
]
[2024-03-17T13:06:48.103Z] error: <httpProxy> Error calling https://ensg-sdi.docker/...
[2024-03-17T13:06:48.103Z] error: <httpProxy> [
  500,
  Error: getaddrinfo EAI_AGAIN ensg-sdi.docker
      at GetAddrInfoReqWrap.onlookup [as oncomplete] (node:dns:108:26) {
    errno: -3001,
    code: 'EAI_AGAIN',
    syscall: 'getaddrinfo',
    hostname: 'ensg-sdi.docker'
  }
]
[2024-03-17T13:06:53.123Z] error: <httpProxy> Error calling https://ensg-sdi.docker/...
[2024-03-17T13:06:53.126Z] error: <httpProxy> [
  500,
  Error: getaddrinfo EAI_AGAIN ensg-sdi.docker
      at GetAddrInfoReqWrap.onlookup [as oncomplete] (node:dns:108:26) {
    errno: -3001,
    code: 'EAI_AGAIN',
    syscall: 'getaddrinfo',
    hostname: 'ensg-sdi.docker'
  }
]
[2024-03-17T13:06:53.151Z] error: <httpProxy> Error calling https://api.ensg-sdi.docker/...
[2024-03-17T13:06:53.151Z] error: <httpProxy> [
  500,
  Error: getaddrinfo EAI_AGAIN api.ensg-sdi.docker
      at GetAddrInfoReqWrap.onlookup [as oncomplete] (node:dns:108:26) {
    errno: -3001,
    code: 'EAI_AGAIN',
    syscall: 'getaddrinfo',
    hostname: 'api.ensg-sdi.docker'
  }
]
[2024-03-17T13:06:57.279Z] error: <httpProxy> Error calling https://ensg-sdi.docker/...
[2024-03-17T13:06:57.279Z] error: <httpProxy> [
  500,
  Error: getaddrinfo ENOTFOUND ensg-sdi.docker
      at GetAddrInfoReqWrap.onlookup [as oncomplete] (node:dns:108:26) {
    errno: -3008,
    code: 'ENOTFOUND',
    syscall: 'getaddrinfo',
    hostname: 'ensg-sdi.docker'
  }
]
[2024-03-17T13:06:57.282Z] error: <httpProxy> Error calling https://ensg-sdi.docker/...
[2024-03-17T13:06:57.282Z] error: <httpProxy> [
  500,
  Error: getaddrinfo ENOTFOUND ensg-sdi.docker
      at GetAddrInfoReqWrap.onlookup [as oncomplete] (node:dns:108:26) {
    errno: -3008,
    code: 'ENOTFOUND',
    syscall: 'getaddrinfo',
    hostname: 'ensg-sdi.docker'
  }
]
[2024-03-17T13:07:02.316Z] error: <httpProxy> Error calling https://api.ensg-sdi.docker/...
[2024-03-17T13:07:02.322Z] error: <httpProxy> [
  500,
  Error: getaddrinfo EAI_AGAIN api.ensg-sdi.docker
      at GetAddrInfoReqWrap.onlookup [as oncomplete] (node:dns:108:26) {
    errno: -3001,
    code: 'EAI_AGAIN',
    syscall: 'getaddrinfo',
    hostname: 'api.ensg-sdi.docker'
  }
]
[2024-03-17T13:07:02.325Z] error: <httpProxy> Error calling https://ensg-sdi.docker/...
[2024-03-17T13:07:02.326Z] error: <httpProxy> [
  500,
  Error: getaddrinfo EAI_AGAIN ensg-sdi.docker
      at GetAddrInfoReqWrap.onlookup [as oncomplete] (node:dns:108:26) {
    errno: -3001,
    code: 'EAI_AGAIN',
    syscall: 'getaddrinfo',
    hostname: 'ensg-sdi.docker'
  }
]
[2024-03-17T13:07:18.028Z] error: <httpProxy> Error calling https://ensg-sdi.docker/...
[2024-03-17T13:07:18.029Z] error: <httpProxy> [
  500,
  Error: getaddrinfo EAI_AGAIN ensg-sdi.docker
      at GetAddrInfoReqWrap.onlookup [as oncomplete] (node:dns:108:26) {
    errno: -3001,
    code: 'EAI_AGAIN',
    syscall: 'getaddrinfo',
    hostname: 'ensg-sdi.docker'
  }
]
[2024-03-17T13:07:21.147Z] error: <httpProxy> Error calling https://ensg-sdi.docker/...
[2024-03-17T13:07:21.147Z] error: <httpProxy> [
  500,
  Error: getaddrinfo ENOTFOUND ensg-sdi.docker
      at GetAddrInfoReqWrap.onlookup [as oncomplete] (node:dns:108:26) {
    errno: -3008,
    code: 'ENOTFOUND',
    syscall: 'getaddrinfo',
    hostname: 'ensg-sdi.docker'
  }
]
[2024-03-17T13:07:32.364Z] error: <httpProxy> Error calling https://ensg-sdi.docker/...
[2024-03-17T13:07:32.365Z] error: <httpProxy> [
  500,
  Error: getaddrinfo EAI_AGAIN ensg-sdi.docker
      at GetAddrInfoReqWrap.onlookup [as oncomplete] (node:dns:108:26) {
    errno: -3001,
    code: 'EAI_AGAIN',
    syscall: 'getaddrinfo',
    hostname: 'ensg-sdi.docker'
  }
]
[2024-03-17T13:07:32.382Z] error: <httpProxy> Error calling https://ensg-sdi.docker/...
[2024-03-17T13:07:32.382Z] error: <httpProxy> [
  500,
  Error: getaddrinfo EAI_AGAIN ensg-sdi.docker
      at GetAddrInfoReqWrap.onlookup [as oncomplete] (node:dns:108:26) {
    errno: -3001,
    code: 'EAI_AGAIN',
    syscall: 'getaddrinfo',
    hostname: 'ensg-sdi.docker'
  }
]
[2024-03-17T13:07:37.385Z] error: <httpProxy> Error calling https://ensg-sdi.docker/...
[2024-03-17T13:07:37.386Z] error: <httpProxy> [
  500,
  Error: getaddrinfo EAI_AGAIN ensg-sdi.docker
      at GetAddrInfoReqWrap.onlookup [as oncomplete] (node:dns:108:26) {
    errno: -3001,
    code: 'EAI_AGAIN',
    syscall: 'getaddrinfo',
    hostname: 'ensg-sdi.docker'
  }
]
[2024-03-17T13:07:37.399Z] error: <httpProxy> Error calling https://ensg-sdi.docker/...
[2024-03-17T13:07:37.399Z] error: <httpProxy> [
  500,
  Error: getaddrinfo EAI_AGAIN ensg-sdi.docker
      at GetAddrInfoReqWrap.onlookup [as oncomplete] (node:dns:108:26) {
    errno: -3001,
    code: 'EAI_AGAIN',
    syscall: 'getaddrinfo',
    hostname: 'ensg-sdi.docker'
  }
]
[2024-03-17T13:07:42.417Z] error: <httpProxy> Error calling https://ensg-sdi.docker/...
[2024-03-17T13:07:42.417Z] error: <httpProxy> [
  500,
  Error: getaddrinfo EAI_AGAIN ensg-sdi.docker
      at GetAddrInfoReqWrap.onlookup [as oncomplete] (node:dns:108:26) {
    errno: -3001,
    code: 'EAI_AGAIN',
    syscall: 'getaddrinfo',
    hostname: 'ensg-sdi.docker'
  }
]
[2024-03-17T13:07:42.421Z] error: <httpProxy> Error calling https://api.ensg-sdi.docker/...
[2024-03-17T13:07:42.422Z] error: <httpProxy> [
  500,
  Error: getaddrinfo EAI_AGAIN api.ensg-sdi.docker
      at GetAddrInfoReqWrap.onlookup [as oncomplete] (node:dns:108:26) {
    errno: -3001,
    code: 'EAI_AGAIN',
    syscall: 'getaddrinfo',
    hostname: 'api.ensg-sdi.docker'
  }
]
[2024-03-17T13:07:45.558Z] error: <httpProxy> Error calling https://ensg-sdi.docker/...
[2024-03-17T13:07:45.559Z] error: <httpProxy> [
  500,
  Error: getaddrinfo ENOTFOUND ensg-sdi.docker
      at GetAddrInfoReqWrap.onlookup [as oncomplete] (node:dns:108:26) {
    errno: -3008,
    code: 'ENOTFOUND',
    syscall: 'getaddrinfo',
    hostname: 'ensg-sdi.docker'
  }
]
[2024-03-17T13:07:47.430Z] error: <httpProxy> Error calling https://api.ensg-sdi.docker/...
[2024-03-17T13:07:47.432Z] error: <httpProxy> [
  500,
  Error: getaddrinfo EAI_AGAIN api.ensg-sdi.docker
      at GetAddrInfoReqWrap.onlookup [as oncomplete] (node:dns:108:26) {
    errno: -3001,
    code: 'EAI_AGAIN',
    syscall: 'getaddrinfo',
    hostname: 'api.ensg-sdi.docker'
  }
]
